\BOOKMARK [0][]{ctitle.0}{\376\377\232\330\122\250\140\001\217\336\176\355\145\313\217\154\136\163\227\142\176\363\232\161\136\166\200\124\147\072\126\150\116\272\121\163\225\056\142\200\147\057\170\024\172\166}{}% 1
\BOOKMARK [0][]{section*.2}{\376\377\144\130\000\040\211\201}{}% 2
\BOOKMARK [0][]{section*.4}{\376\377\000A\000b\000s\000t\000r\000a\000c\000t}{}% 3
\BOOKMARK [0][]{ccontent.0}{\376\377\166\356\000\040\137\125}{}% 4
\BOOKMARK [0][]{chapter.1}{\376\377\173\054\0001\172\340\000\040\176\352\213\272}{}% 5
\BOOKMARK [1][-]{section.1.1}{\376\377\0001\000.\0001\000\040\170\024\172\166\200\314\146\157\116\016\141\017\116\111}{chapter.1}% 6
\BOOKMARK [1][-]{section.1.2}{\376\377\0001\000.\0002\000\040\126\375\121\205\131\026\170\024\172\166\163\260\162\266}{chapter.1}% 7
\BOOKMARK [1][-]{section.1.3}{\376\377\0001\000.\0003\000\040\170\024\172\166\121\205\133\271\116\016\122\033\145\260\160\271}{chapter.1}% 8
\BOOKMARK [1][-]{section.1.4}{\376\377\0001\000.\0004\000\040\213\272\145\207\176\323\147\204\133\211\143\222}{chapter.1}% 9
\BOOKMARK [1][-]{section.1.5}{\376\377\0001\000.\0005\000\040\147\054\172\340\134\017\176\323}{chapter.1}% 10
\BOOKMARK [0][]{chapter.2}{\376\377\173\054\0002\172\340\000\040\136\163\227\142\126\333\176\363\232\161\122\250\147\072\126\150\116\272\174\373\176\337\145\271\150\110\213\276\213\241\116\016\147\072\150\260\176\323\147\204\133\236\163\260}{}% 11
\BOOKMARK [1][-]{section.2.1}{\376\377\0002\000.\0001\000\040\174\373\176\337\140\073\117\123\145\271\150\110\116\016\147\204\127\213\213\276\213\241}{chapter.2}% 12
\BOOKMARK [0][]{chapter.3}{\376\377\173\054\0003\172\340\000\040\136\163\227\142\126\333\176\363\147\072\126\150\116\272\217\320\122\250\133\146\060\001\122\250\122\233\133\146\116\016\122\233\122\006\221\115\136\372\152\041}{}% 13
\BOOKMARK [1][-]{section.3.1}{\376\377\0003\000.\0001\000\040\174\373\176\337\147\204\127\213\116\016\173\046\123\367\133\232\116\111}{chapter.3}% 14
\BOOKMARK [1][-]{section.3.2}{\376\377\0003\000.\0002\000\040\220\006\217\320\122\250\133\146\136\372\152\041}{chapter.3}% 15
\BOOKMARK [2][-]{subsection.3.2.1}{\376\377\0003\000.\0002\000.\0001\000\040\121\340\117\125\122\007\176\277\121\163\174\373}{section.3.2}% 16
\BOOKMARK [2][-]{subsection.3.2.2}{\376\377\0003\000.\0002\000.\0002\000\040\176\363\225\177\210\150\217\276\137\017}{section.3.2}% 17
\BOOKMARK [1][-]{section.3.3}{\376\377\0003\000.\0003\000\040\153\143\217\320\122\250\133\146\136\372\152\041}{chapter.3}% 18
\BOOKMARK [1][-]{section.3.4}{\376\377\0003\000.\0004\000\040\220\037\136\246\226\305\123\357\153\324\116\016\176\323\147\204\167\351\226\065}{chapter.3}% 19
\BOOKMARK [2][-]{subsection.3.4.1}{\376\377\0003\000.\0004\000.\0001\000\040\176\363\225\177\220\037\136\246\121\163\174\373}{section.3.4}% 20
\BOOKMARK [2][-]{subsection.3.4.2}{\376\377\0003\000.\0004\000.\0002\000\040\176\323\147\204\167\351\226\065}{section.3.4}% 21
\BOOKMARK [1][-]{section.3.5}{\376\377\0003\000.\0005\000\040\122\250\122\233\133\146\136\372\152\041}{chapter.3}% 22
\BOOKMARK [2][-]{subsection.3.5.1}{\376\377\0003\000.\0005\000.\0001\000\040\147\053\172\357\136\163\123\360\136\177\116\111\123\327\122\233}{section.3.5}% 23
\BOOKMARK [2][-]{subsection.3.5.2}{\376\377\0003\000.\0005\000.\0002\000\040\122\032\117\123\122\250\122\233\133\146\145\271\172\013}{section.3.5}% 24
\BOOKMARK [1][-]{section.3.6}{\376\377\0003\000.\0006\000\040\147\054\172\340\134\017\176\323}{chapter.3}% 25
\BOOKMARK [0][]{chapter.4}{\376\377\173\054\0004\172\340\000\040\121\227\117\131\232\161\122\250\116\013\166\204\137\040\122\233\122\006\221\115\116\016\117\030\123\026}{}% 26
\BOOKMARK [1][-]{section.4.1}{\376\377\0004\000.\0001\000\040\173\227\154\325\166\204\145\160\133\146\143\250\133\374}{chapter.4}% 27
\BOOKMARK [2][-]{subsection.4.1.1}{\376\377\0004\000.\0001\000.\0001\000\040\225\356\230\230\143\317\217\360}{section.4.1}% 28
\BOOKMARK [2][-]{subsection.4.1.2}{\376\377\0004\000.\0001\000.\0002\000\040\136\163\210\141\145\271\172\013\220\032\211\343}{section.4.1}% 29
\BOOKMARK [2][-]{subsection.4.1.3}{\376\377\0004\000.\0001\000.\0003\000\040\123\357\210\114\137\040\122\233\123\072\225\364\143\250\133\374}{section.4.1}% 30
\BOOKMARK [2][-]{subsection.4.1.4}{\376\377\0004\000.\0001\000.\0004\000\040\221\315\137\303\154\325}{section.4.1}% 31
\BOOKMARK [2][-]{subsection.4.1.5}{\376\377\0004\000.\0001\000.\0005\000\040\147\000\134\017\203\003\145\160\154\325}{section.4.1}% 32
\BOOKMARK [2][-]{subsection.4.1.6}{\376\377\0004\000.\0001\000.\0006\000\040\211\343\147\220\116\055\137\303\154\325}{section.4.1}% 33
\BOOKMARK [1][-]{section.4.2}{\376\377\0004\000.\0002\000\040\116\011\171\315\173\227\154\325\122\006\221\115\145\110\147\234\122\006\147\220}{chapter.4}% 34
\BOOKMARK [2][-]{subsection.4.2.1}{\376\377\0004\000.\0002\000.\0001\000\040\137\040\122\233\122\006\221\115}{section.4.2}% 35
\BOOKMARK [2][-]{subsection.4.2.2}{\376\377\0004\000.\0002\000.\0002\000\040\122\240\220\037\136\246\215\337\216\052\213\357\135\356}{section.4.2}% 36
\BOOKMARK [2][-]{subsection.4.2.3}{\376\377\0004\000.\0002\000.\0003\000\040\147\000\176\310\173\227\154\325\170\156\133\232}{section.4.2}% 37
\BOOKMARK [1][-]{section.4.3}{\376\377\0004\000.\0003\000\040\147\054\172\340\134\017\176\323}{chapter.4}% 38
\BOOKMARK [0][]{chapter.5}{\376\377\173\054\0005\172\340\000\040\124\310\134\024\156\350\135\345\116\032\131\047\133\146\170\024\172\166\165\037\133\146\117\115\213\272\145\207\144\260\121\231\211\304\203\003}{}% 39
\BOOKMARK [1][-]{section.5.1}{\376\377\0005\000.\0001\000\040\121\205\133\271\211\201\154\102}{chapter.5}% 40
\BOOKMARK [2][-]{subsection.5.1.1}{\376\377\0005\000.\0001\000.\0001\000\040\230\230\166\356}{section.5.1}% 41
\BOOKMARK [2][-]{subsection.5.1.2}{\376\377\0005\000.\0001\000.\0002\000\040\144\130\211\201\116\016\121\163\225\056\213\315}{section.5.1}% 42
\BOOKMARK [2][-]{subsection.5.1.3}{\376\377\0005\000.\0001\000.\0003\000\040\166\356\137\125}{section.5.1}% 43
\BOOKMARK [2][-]{subsection.5.1.4}{\376\377\0005\000.\0001\000.\0004\000\040\213\272\145\207\153\143\145\207}{section.5.1}% 44
\BOOKMARK [2][-]{subsection.5.1.5}{\376\377\0005\000.\0001\000.\0005\000\040\123\302\200\003\145\207\163\056}{section.5.1}% 45
\BOOKMARK [2][-]{subsection.5.1.6}{\376\377\0005\000.\0001\000.\0006\000\040\145\073\213\373\133\146\117\115\147\037\225\364\123\326\137\227\122\033\145\260\140\047\142\020\147\234}{section.5.1}% 46
\BOOKMARK [2][-]{subsection.5.1.7}{\376\377\0005\000.\0001\000.\0007\000\040\123\237\122\033\140\047\130\360\146\016\123\312\117\177\165\050\147\103\226\120}{section.5.1}% 47
\BOOKMARK [2][-]{subsection.5.1.8}{\376\377\0005\000.\0001\000.\0008\000\040\201\364\214\042}{section.5.1}% 48
\BOOKMARK [2][-]{subsection.5.1.9}{\376\377\0005\000.\0001\000.\0009\000\040\116\052\116\272\173\200\123\206}{section.5.1}% 49
\BOOKMARK [1][-]{section.5.2}{\376\377\0005\000.\0002\000\040\116\146\121\231\211\304\133\232}{chapter.5}% 50
\BOOKMARK [2][-]{subsection.5.2.1}{\376\377\0005\000.\0002\000.\0001\000\040\213\272\145\207\153\143\145\207\133\127\145\160}{section.5.2}% 51
\BOOKMARK [2][-]{subsection.5.2.2}{\376\377\0005\000.\0002\000.\0002\000\040\213\272\145\207\116\146\121\231}{section.5.2}% 52
\BOOKMARK [2][-]{subsection.5.2.3}{\376\377\0005\000.\0002\000.\0003\000\040\144\130\211\201\116\016\121\163\225\056\213\315}{section.5.2}% 53
\BOOKMARK [2][-]{subsection.5.2.4}{\376\377\0005\000.\0002\000.\0004\000\040\166\356\137\125}{section.5.2}% 54
\BOOKMARK [2][-]{subsection.5.2.5}{\376\377\0005\000.\0002\000.\0005\000\040\213\272\145\207\153\143\145\207}{section.5.2}% 55
\BOOKMARK [2][-]{subsection.5.2.6}{\376\377\0005\000.\0002\000.\0006\000\040\137\025\165\050\145\207\163\056\150\007\154\350}{section.5.2}% 56
\BOOKMARK [2][-]{subsection.5.2.7}{\376\377\0005\000.\0002\000.\0007\000\040\124\015\213\315\147\057\213\355}{section.5.2}% 57
\BOOKMARK [2][-]{subsection.5.2.8}{\376\377\0005\000.\0002\000.\0008\000\040\162\151\164\006\221\317\150\007\154\350}{section.5.2}% 58
\BOOKMARK [2][-]{subsection.5.2.9}{\376\377\0005\000.\0002\000.\0009\000\040\131\026\145\207\133\127\153\315\166\204\153\143\117\123\116\016\145\234\117\123\165\050\154\325}{section.5.2}% 59
\BOOKMARK [2][-]{subsection.5.2.10}{\376\377\0005\000.\0002\000.\0001\0000\000\040\145\160\133\127}{section.5.2}% 60
\BOOKMARK [2][-]{subsection.5.2.11}{\376\377\0005\000.\0002\000.\0001\0001\000\040\121\154\137\017}{section.5.2}% 61
\BOOKMARK [2][-]{subsection.5.2.12}{\376\377\0005\000.\0002\000.\0001\0002\000\040\143\322\210\150}{section.5.2}% 62
\BOOKMARK [2][-]{subsection.5.2.13}{\376\377\0005\000.\0002\000.\0001\0003\000\040\123\302\200\003\145\207\163\056}{section.5.2}% 63
\BOOKMARK [2][-]{subsection.5.2.14}{\376\377\0005\000.\0002\000.\0001\0004\000\040\226\104\137\125}{section.5.2}% 64
\BOOKMARK [2][-]{subsection.5.2.15}{\376\377\0005\000.\0002\000.\0001\0005\000\040\145\073\213\373\133\146\117\115\147\037\225\364\123\326\137\227\122\033\145\260\140\047\142\020\147\234}{section.5.2}% 65
\BOOKMARK [2][-]{subsection.5.2.16}{\376\377\0005\000.\0002\000.\0001\0006\000\040\175\042\137\025}{section.5.2}% 66
\BOOKMARK [2][-]{subsection.5.2.17}{\376\377\0005\000.\0002\000.\0001\0007\000\040\116\052\116\272\173\200\123\206}{section.5.2}% 67
\BOOKMARK [2][-]{subsection.5.2.18}{\376\377\0005\000.\0002\000.\0001\0008\000\040\116\146\201\012}{section.5.2}% 68
\BOOKMARK [2][-]{subsection.5.2.19}{\376\377\0005\000.\0002\000.\0001\0009\000\040\121\166\116\326}{section.5.2}% 69
\BOOKMARK [0][]{chapter.6}{\376\377\173\054\0006\172\340\000\040\171\072\117\213\145\207\150\143}{}% 70
\BOOKMARK [1][-]{section.6.1}{\376\377\0006\000.\0001\000\040\121\163\116\216\145\160\133\127}{chapter.6}% 71
\BOOKMARK [1][-]{section.6.2}{\376\377\0006\000.\0002\000\040\175\042\137\025\171\072\117\213}{chapter.6}% 72
\BOOKMARK [1][-]{section.6.3}{\376\377\0006\000.\0003\000\040\147\057\213\355\143\222\162\110\116\076\117\213}{chapter.6}% 73
\BOOKMARK [1][-]{section.6.4}{\376\377\0006\000.\0004\000\040\137\025\165\050}{chapter.6}% 74
\BOOKMARK [1][-]{section.6.5}{\376\377\0006\000.\0005\000\040\133\232\164\006\124\214\133\232\116\111\173\111}{chapter.6}% 75
\BOOKMARK [1][-]{section.6.6}{\376\377\0006\000.\0006\000\040\126\376\162\107}{chapter.6}% 76
\BOOKMARK [2][-]{subsection.6.6.1}{\376\377\0006\000.\0006\000.\0001\000\040\123\132\130\353\153\325\116\032\213\272\145\207\123\314\213\355\230\230\154\350}{section.6.6}% 77
\BOOKMARK [2][-]{subsection.6.6.2}{\376\377\0006\000.\0006\000.\0002\000\040\147\054\170\125\213\272\145\207\230\230\154\350}{section.6.6}% 78
\BOOKMARK [2][-]{subsection.6.6.3}{\376\377\0006\000.\0006\000.\0003\000\040\137\025\165\050\126\376\171\072\117\213}{section.6.6}% 79
\BOOKMARK [2][-]{subsection.6.6.4}{\376\377\0006\000.\0006\000.\0004\000\040\136\166\143\222\126\376\124\214\133\120\126\376}{section.6.6}% 80
\BOOKMARK [1][-]{section.6.7}{\376\377\0006\000.\0007\000\040\131\202\117\125\120\132\121\372\173\046\124\010\211\304\203\003\166\204\157\002\116\256\166\204\126\376}{chapter.6}% 81
\BOOKMARK [2][-]{subsection.6.7.1}{\376\377\0006\000.\0007\000.\0001\000\040\000T\000i\000k\000z\117\134\126\376\116\076\117\213}{section.6.7}% 82
\BOOKMARK [1][-]{section.6.8}{\376\377\0006\000.\0008\000\040\210\150\150\074}{chapter.6}% 83
\BOOKMARK [2][-]{subsection.6.8.1}{\376\377\0006\000.\0008\000.\0001\000\040\146\156\220\032\210\150\150\074\166\204\176\330\122\066\145\271\154\325}{section.6.8}% 84
\BOOKMARK [2][-]{subsection.6.8.2}{\376\377\0006\000.\0008\000.\0002\000\040\225\177\210\150\150\074\166\204\176\330\122\066\145\271\154\325}{section.6.8}% 85
\BOOKMARK [2][-]{subsection.6.8.3}{\376\377\0006\000.\0008\000.\0003\000\040\122\027\133\275\123\357\214\003\210\150\150\074\166\204\176\330\122\066\145\271\154\325}{section.6.8}% 86
\BOOKMARK [1][-]{section.6.9}{\376\377\0006\000.\0009\000\040\121\154\137\017}{chapter.6}% 87
\BOOKMARK [1][-]{section.6.10}{\376\377\0006\000.\0001\0000\000\040\121\166\116\326\147\102\230\171}{chapter.6}% 88
\BOOKMARK [2][-]{subsection.6.10.1}{\376\377\0006\000.\0001\0000\000.\0001\000\040\123\363\177\373\230\165}{section.6.10}% 89
\BOOKMARK [2][-]{subsection.6.10.2}{\376\377\0006\000.\0001\0000\000.\0002\000\040\173\227\154\325}{section.6.10}% 90
\BOOKMARK [2][-]{subsection.6.10.3}{\376\377\0006\000.\0001\0000\000.\0003\000\040\201\032\154\350}{section.6.10}% 91
\BOOKMARK [2][-]{subsection.6.10.4}{\376\377\0006\000.\0001\0000\000.\0004\000\040\156\220\170\001}{section.6.10}% 92
\BOOKMARK [2][-]{subsection.6.10.5}{\376\377\0006\000.\0001\0000\000.\0005\000\040\116\055\145\207\117\052\145\234\117\123}{section.6.10}% 93
\BOOKMARK [2][-]{subsection.6.10.6}{\376\377\0006\000.\0001\0000\000.\0006\000\040\140\035\156\220\133\213\117\123}{section.6.10}% 94
\BOOKMARK [2][-]{subsection.6.10.7}{\376\377\0006\000.\0001\0000\000.\0007\000\040\116\023\116\032\176\330\126\376\135\345\121\167}{section.6.10}% 95
\BOOKMARK [2][-]{subsection.6.10.8}{\376\377\0006\000.\0001\0000\000.\0008\000\040\147\057\213\355\213\315\154\107\173\241\164\006}{section.6.10}% 96
\BOOKMARK [2][-]{subsection.6.10.9}{\376\377\0006\000.\0001\0000\000.\0009\000\040\000T\000e\000X\000\040\156\220\170\001\177\026\217\221\126\150}{section.6.10}% 97
\BOOKMARK [2][-]{subsection.6.10.10}{\376\377\0006\000.\0001\0000\000.\0001\0000\000\040\000L\000a\000T\000e\000X\000\040\143\222\162\110\221\315\211\201\123\237\122\031}{section.6.10}% 98
\BOOKMARK [1][-]{section.6.11}{\376\377\0006\000.\0001\0001\000\040\121\163\116\216\143\120\122\251}{chapter.6}% 99
\BOOKMARK [0][]{chapter.7}{\376\377\173\054\0007\172\340\000\040\124\310\134\024\156\350\135\345\116\032\131\047\133\146\122\035\170\032\170\125\213\376\230\230\176\304\142\333\000\050\200\130\000\051\121\150\145\345\122\066\170\125\130\353\060\001\123\132\130\353\060\001\122\251\164\006\170\024\172\166\124\130}{}% 100
\BOOKMARK [1][-]{section.7.1}{\376\377\0007\000.\0001\000\040\133\374\136\010\173\200\116\313}{chapter.7}% 101
\BOOKMARK [1][-]{section.7.2}{\376\377\0007\000.\0002\000\040\116\073\211\201\170\024\172\166\145\271\124\021}{chapter.7}% 102
\BOOKMARK [1][-]{section.7.3}{\376\377\0007\000.\0003\000\040\133\146\147\057\142\020\147\234}{chapter.7}% 103
\BOOKMARK [1][-]{section.7.4}{\376\377\0007\000.\0004\000\040\126\342\226\037\116\313\176\315}{chapter.7}% 104
\BOOKMARK [1][-]{section.7.5}{\376\377\0007\000.\0005\000\040\121\166\116\326\116\313\176\315}{chapter.7}% 105
\BOOKMARK [1][-]{section.7.6}{\376\377\0007\000.\0006\000\040\170\125\123\132\130\353\142\333\165\037\211\201\154\102}{chapter.7}% 106
\BOOKMARK [1][-]{section.7.7}{\376\377\0007\000.\0007\000\040\122\251\164\006\170\024\172\166\124\130\142\333\200\130\227\000\154\102\124\214\137\205\220\107}{chapter.7}% 107
\BOOKMARK [1][-]{section.7.8}{\376\377\0007\000.\0008\000\040\165\063\213\367\145\271\137\017}{chapter.7}% 108
\BOOKMARK [0][]{section*.15}{\376\377\176\323\000\040\213\272}{}% 109
\BOOKMARK [0][]{section*.18}{\376\377\123\302\200\003\145\207\163\056}{}% 110
\BOOKMARK [0][]{chapter*.20}{\376\377\124\310\134\024\156\350\135\345\116\032\131\047\133\146\147\054\171\321\153\325\116\032\213\272\145\207\377\010\213\276\213\241\377\011\123\237\122\033\140\047\130\360\146\016\124\214\117\177\165\050\147\103\226\120}{}% 111
\BOOKMARK [0][]{section*.21}{\376\377\201\364\000\040\214\042}{}% 112
